<?xml version="1.0" encoding="UTF-8"?>
<!-- Generated by org.testng.reporters.JUnitReportReporter -->
<testsuite hostname="IN-G90B0F3" failures="0" tests="1" name="Test.AmazonSearchTest" time="3.762" errors="0" timestamp="2023-04-14T11:54:01 IST" skipped="0">
  <testcase classname="Test.AmazonSearchTest" name="searchForLaptops" time="3.762"/>
  <system-out/>
</testsuite> <!-- Test.AmazonSearchTest -->
