<?xml version="1.0" encoding="UTF-8"?>
<!-- Generated by org.testng.reporters.JUnitReportReporter -->
<testsuite hostname="IN-G90B0F3" failures="0" tests="1" name="Base.base" time="12.370" errors="0" timestamp="2023-04-12T11:25:08 IST" skipped="0">
  <testcase classname="Base.base" name="DriverInitialization" time="12.370"/>
  <system-out/>
</testsuite> <!-- Base.base -->
