<?xml version="1.0" encoding="UTF-8"?>
<!-- Generated by org.testng.reporters.JUnitReportReporter -->
<testsuite hostname="IN-G90B0F3" failures="0" tests="1" name="Test.CheckHomePageTitle" time="0.059" errors="0" timestamp="2023-04-18T11:21:21 IST" skipped="0">
  <testcase classname="Test.CheckHomePageTitle" name="ScheckTitle" time="0.059"/>
  <system-out/>
</testsuite> <!-- Test.CheckHomePageTitle -->
